This is XeTeX, Version 3.1415926-2.3-0.9997.5 (MiKTeX 2.9) (preloaded format=xelatex 2018.4.25)  25 APR 2018 17:30
entering extended mode
**awesome-cv-cn.tex
(E:\简历\awesome-latex-cv-zh-cn\awesome-cv-cn.tex
LaTeX2e <2011/06/27>
Babel <v3.8m> and hyphenation patterns for loaded.
(E:\简历\awesome-latex-cv-zh-cn\awesome-source-cv.cls
Document Class: awesome-source-cv 2016/11/05 v1.6.1 Awesome Source CV Class
(D:\Programfiles\Ctex\MiKTeX\tex\latex\base\article.cls
Document Class: article 2007/10/19 v1.4h Standard LaTeX document class
(D:\Programfiles\Ctex\MiKTeX\tex\latex\base\size10.clo
File: size10.clo 2007/10/19 v1.4h Standard LaTeX file (size option)
)
\c@part=\count80
\c@section=\count81
\c@subsection=\count82
\c@subsubsection=\count83
\c@paragraph=\count84
\c@subparagraph=\count85
\c@figure=\count86
\c@table=\count87
\abovecaptionskip=\skip41
\belowcaptionskip=\skip42
\bibindent=\dimen102
)
(D:\Programfiles\Ctex\MiKTeX\tex\generic\babel\babel.sty
Package: babel 2008/07/08 v3.8m The Babel package

*************************************
* Local config file bblopts.cfg used
*
(D:\Programfiles\Ctex\MiKTeX\tex\latex\00miktex\bblopts.cfg
File: bblopts.cfg 2006/07/31 v1.0 MiKTeX 'babel' configuration
)
(D:\Programfiles\Ctex\MiKTeX\tex\generic\babel\frenchb.ldf
Language: frenchb 2009/03/16 v2.3d French support from the babel system

(D:\Programfiles\Ctex\MiKTeX\tex\generic\babel\babel.def
File: babel.def 2008/07/08 v3.8m Babel common definitions
\babel@savecnt=\count88
\U@D=\dimen103
)

Package babel Warning: No hyphenation patterns were loaded for
(babel)                the language `French'
(babel)                I will use the patterns loaded for \language=0 instead.

\l@french = a dialect from \language0
Package babel Info: Making : an active character on input line 120.
Package babel Info: Making ; an active character on input line 121.
Package babel Info: Making ! an active character on input line 122.
Package babel Info: Making ? an active character on input line 123.
\FB@Mht=\dimen104
\std@mcc=\count89
\dec@mcc=\count90
\parindentFFN=\dimen105
*************************************
* Local config file frenchb.cfg used
*
(D:\Programfiles\Ctex\MiKTeX\tex\generic\babel\frenchb.cfg)))
(D:\Programfiles\Ctex\MiKTeX\tex\latex\carlisle\scalefnt.sty)
(D:\Programfiles\Ctex\MiKTeX\tex\latex\graphics\keyval.sty
Package: keyval 1999/03/16 v1.13 key=value parser (DPC)
\KV@toks@=\toks14
)
(D:\Programfiles\Ctex\MiKTeX\tex\latex\fontspec\fontspec.sty
Package: fontspec 2011/09/18 v2.2a Advanced font selection for XeLaTeX/LuaLaTeX


(D:\Programfiles\Ctex\MiKTeX\tex\latex\l3kernel\expl3.sty
(D:\Programfiles\Ctex\MiKTeX\tex\latex\l3kernel\l3names.sty
(D:\Programfiles\Ctex\MiKTeX\tex\latex\l3kernel\l3bootstrap.sty
Package: l3bootstrap 2011/12/29 v3110 L3 Experimental bootstrap code
)
Package: l3names 2011/12/30 v3113 L3 Experimental namespace for primitives
)
(D:\Programfiles\Ctex\MiKTeX\tex\latex\misc\etex.sty
Package: etex 1998/03/26 v2.0 eTeX basic definition package (PEB)
\et@xins=\count91
)
Package: expl3 2012/02/26 v3471 L3 Experimental code bundle wrapper

(D:\Programfiles\Ctex\MiKTeX\tex\latex\graphics\color.sty
Package: color 2005/11/14 v1.0j Standard LaTeX Color (DPC)

(D:\Programfiles\Ctex\MiKTeX\tex\latex\00miktex\color.cfg
File: color.cfg 2007/01/18 v1.5 color configuration of teTeX/TeXLive
)
Package color Info: Driver file: xetex.def on input line 130.

(D:\Programfiles\Ctex\MiKTeX\tex\xelatex\xetex-def\xetex.def
File: xetex.def 2009/11/22 v0.94 LaTeX color/graphics driver for XeTeX (RRM/JK)

))
(D:\Programfiles\Ctex\MiKTeX\tex\latex\graphics\graphics.sty
Package: graphics 2009/02/05 v1.0o Standard LaTeX Graphics (DPC,SPQR)

(D:\Programfiles\Ctex\MiKTeX\tex\latex\graphics\trig.sty
Package: trig 1999/03/16 v1.09 sin cos tan (DPC)
)
(D:\Programfiles\Ctex\MiKTeX\tex\latex\00miktex\graphics.cfg
File: graphics.cfg 2007/01/18 v1.5 graphics configuration of teTeX/TeXLive
)
Package graphics Info: Driver file: xetex.def on input line 91.
)
(D:\Programfiles\Ctex\MiKTeX\tex\latex\l3kernel\l3basics.sty
Package: l3basics 2012/02/26 v3460 L3 Experimental basic definitions
)
(D:\Programfiles\Ctex\MiKTeX\tex\latex\l3kernel\l3expan.sty
Package: l3expan 2012/02/26 v3460 L3 Experimental argument expansion
)
(D:\Programfiles\Ctex\MiKTeX\tex\latex\l3kernel\l3tl.sty
Package: l3tl 2012/02/26 v3460 L3 Experimental token lists
)
(D:\Programfiles\Ctex\MiKTeX\tex\latex\l3kernel\l3seq.sty
Package: l3seq 2012/01/09 v3158 L3 Experimental sequences and stacks
)
(D:\Programfiles\Ctex\MiKTeX\tex\latex\l3kernel\l3int.sty
Package: l3int 2012/02/26 v3460 L3 Experimental integers
\c_max_int=\count92
\l_tmpa_int=\count93
\l_tmpb_int=\count94
\l_tmpc_int=\count95
\g_tmpa_int=\count96
\g_tmpb_int=\count97
)
(D:\Programfiles\Ctex\MiKTeX\tex\latex\l3kernel\l3quark.sty
Package: l3quark 2012/02/12 v3384 L3 Experimental quarks
)
(D:\Programfiles\Ctex\MiKTeX\tex\latex\l3kernel\l3prg.sty
Package: l3prg 2012/02/26 v3464 L3 Experimental control structures
\g_prg_map_int=\count98
)
(D:\Programfiles\Ctex\MiKTeX\tex\latex\l3kernel\l3clist.sty
Package: l3clist 2012/02/26 v3460 L3 Experimental comma separated lists
)
(D:\Programfiles\Ctex\MiKTeX\tex\latex\l3kernel\l3token.sty
Package: l3token 2012/02/26 v3460 L3 Experimental token manipulation
)
(D:\Programfiles\Ctex\MiKTeX\tex\latex\l3kernel\l3prop.sty
Package: l3prop 2012/02/26 v3460 L3 Experimental property lists
)
(D:\Programfiles\Ctex\MiKTeX\tex\latex\l3kernel\l3msg.sty
Package: l3msg 2012/02/26 v3470 L3 Experimental messages
)
(D:\Programfiles\Ctex\MiKTeX\tex\latex\l3kernel\l3file.sty
Package: l3file 2012/02/26 v3464 L3 Experimental file and I/O operations
\l_iow_stream_int=\count99
\l_iow_line_length_int=\count100
\l_iow_target_length_int=\count101
\l_iow_current_line_int=\count102
\l_iow_current_word_int=\count103
\l_iow_current_indentation_int=\count104
)
(D:\Programfiles\Ctex\MiKTeX\tex\latex\l3kernel\l3skip.sty
Package: l3skip 2012/02/26 v3460 L3 Experimental dimensions and skips
\l_tmpa_dim=\dimen106
\l_tmpb_dim=\dimen107
\l_tmpc_dim=\dimen108
\g_tmpa_dim=\dimen109
\g_tmpb_dim=\dimen110
\l_tmpa_skip=\skip43
\l_tmpb_skip=\skip44
\l_tmpc_skip=\skip45
\g_tmpa_skip=\skip46
\g_tmpb_skip=\skip47
)
(D:\Programfiles\Ctex\MiKTeX\tex\latex\l3kernel\l3keys.sty
Package: l3keys 2011/12/22 v3086 L3 Experimental key-value interfaces
\g_keyval_level_int=\count105
\l_keys_choice_int=\count106
)
(D:\Programfiles\Ctex\MiKTeX\tex\latex\l3kernel\l3fp.sty
Package: l3fp 2012/02/06 v3315 L3 Experimental floating-point operations
\c_one_hundred_million=\count107
\c_five_hundred_million=\count108
\c_one_thousand_million=\count109
\c_fp_pi_by_four_decimal_int=\count110
\c_fp_pi_by_four_extended_int=\count111
\c_fp_pi_decimal_int=\count112
\c_fp_pi_extended_int=\count113
\c_fp_two_pi_decimal_int=\count114
\c_fp_two_pi_extended_int=\count115
\l_fp_count_int=\count116
\l_fp_div_offset_int=\count117
\l_fp_exp_integer_int=\count118
\l_fp_exp_decimal_int=\count119
\l_fp_exp_extended_int=\count120
\l_fp_exp_exponent_int=\count121
\l_fp_input_a_sign_int=\count122
\l_fp_input_a_integer_int=\count123
\l_fp_input_a_decimal_int=\count124
\l_fp_input_a_exponent_int=\count125
\l_fp_input_b_sign_int=\count126
\l_fp_input_b_integer_int=\count127
\l_fp_input_b_decimal_int=\count128
\l_fp_input_b_exponent_int=\count129
\l_fp_input_a_extended_int=\count130
\l_fp_input_b_extended_int=\count131
\l_fp_mul_a_i_int=\count132
\l_fp_mul_a_ii_int=\count133
\l_fp_mul_a_iii_int=\count134
\l_fp_mul_a_iv_int=\count135
\l_fp_mul_a_v_int=\count136
\l_fp_mul_a_vi_int=\count137
\l_fp_mul_b_i_int=\count138
\l_fp_mul_b_ii_int=\count139
\l_fp_mul_b_iii_int=\count140
\l_fp_mul_b_iv_int=\count141
\l_fp_mul_b_v_int=\count142
\l_fp_mul_b_vi_int=\count143
\l_fp_mul_output_int=\count144
\l_fp_output_sign_int=\count145
\l_fp_output_integer_int=\count146
\l_fp_output_decimal_int=\count147
\l_fp_output_exponent_int=\count148
\l_fp_output_extended_int=\count149
\l_fp_round_position_int=\count150
\l_fp_round_target_int=\count151
\l_fp_split_sign_int=\count152
\l_fp_internal_int=\count153
\l_fp_trig_octant_int=\count154
\l_fp_trig_sign_int=\count155
\l_fp_trig_decimal_int=\count156
\l_fp_trig_extended_int=\count157
\l_fp_internal_dim=\dimen111
\l_fp_internal_skip=\skip48
)
(D:\Programfiles\Ctex\MiKTeX\tex\latex\l3kernel\l3box.sty
Package: l3box 2012/02/18 v3432 L3 Experimental boxes
\l_tmpb_box=\box26
\l_box_top_dim=\dimen112
\l_box_bottom_dim=\dimen113
\l_box_left_dim=\dimen114
\l_box_right_dim=\dimen115
\l_box_top_new_dim=\dimen116
\l_box_bottom_new_dim=\dimen117
\l_box_left_new_dim=\dimen118
\l_box_right_new_dim=\dimen119
\l_box_internal_box=\box27
)
(D:\Programfiles\Ctex\MiKTeX\tex\latex\l3kernel\l3coffins.sty
Package: l3coffins 2012/02/26 v3460 L3 Experimental coffin code layer
\l_coffin_internal_box=\box28
\l_coffin_internal_dim=\dimen120
\l_coffin_offset_x_dim=\dimen121
\l_coffin_offset_y_dim=\dimen122
\l_coffin_x_dim=\dimen123
\l_coffin_y_dim=\dimen124
\l_coffin_x_prime_dim=\dimen125
\l_coffin_y_prime_dim=\dimen126
\l_coffin_Depth_dim=\dimen127
\l_coffin_Height_dim=\dimen128
\l_coffin_TotalHeight_dim=\dimen129
\l_coffin_Width_dim=\dimen130
\c_empty_coffin=\box29
\l_coffin_aligned_coffin=\box30
\l_coffin_aligned_internal_coffin=\box31
\l_coffin_bounding_shift_dim=\dimen131
\l_coffin_left_corner_dim=\dimen132
\l_coffin_right_corner_dim=\dimen133
\l_coffin_bottom_corner_dim=\dimen134
\l_coffin_top_corner_dim=\dimen135
\l_coffin_scaled_total_height_dim=\dimen136
\l_coffin_scaled_width_dim=\dimen137
\l_coffin_display_coffin=\box32
\l_coffin_display_coord_coffin=\box33
\l_coffin_display_pole_coffin=\box34
\l_coffin_display_offset_dim=\dimen138
\l_coffin_display_x_dim=\dimen139
\l_coffin_display_y_dim=\dimen140
)
(D:\Programfiles\Ctex\MiKTeX\tex\latex\l3kernel\l3color.sty
Package: l3color 2011/09/07 v2776 L3 Experimental colour support
)
(D:\Programfiles\Ctex\MiKTeX\tex\latex\l3kernel\l3luatex.sty
Package: l3luatex 2012/02/09 v3355 L3 Experimental LuaTeX-specific functions
\g_cctab_allocate_int=\count158
\g_cctab_stack_int=\count159
))
(D:\Programfiles\Ctex\MiKTeX\tex\latex\l3packages\xparse\xparse.sty
Package: xparse 2012/02/26 v3471 L3 Experimental document command parser
\l_xparse_current_arg_int=\count160
\l_xparse_m_args_int=\count161
\l_xparse_mandatory_args_int=\count162
\l_xparse_processor_int=\count163
\l_xparse_v_nesting_int=\count164
)
\l_fontspec_script_int=\count165
\l_fontspec_language_int=\count166
\l_fontspec_strnum_int=\count167
\l_fontspec_tmpa_dim=\dimen141
\l_fontspec_tmpb_dim=\dimen142
\l_fontspec_tmpc_dim=\dimen143
Variant \tl_gset:cV already defined; not changing it on line 66

(D:\Programfiles\Ctex\MiKTeX\tex\latex\fontspec\fontspec-patches.sty
Package: fontspec-patches 2011/09/18 v2.2a Advanced font selection for XeLaTeX/
LuaLaTeX

(D:\Programfiles\Ctex\MiKTeX\tex\latex\base\fixltx2e.sty
Package: fixltx2e 2006/09/13 v1.1m fixes to LaTeX
LaTeX Info: Redefining \em on input line 420.
)
LaTeX Info: Redefining \em on input line 22.
LaTeX Info: Redefining \emph on input line 29.
LaTeX Info: Redefining \- on input line 32.

*************************************************
* LaTeX warning: "xparse/redefine-command"
* 
* Redefining document command \oldstylenums with arg. spec. 'm' on line 107.
*************************************************
.................................................
. LaTeX info: "xparse/define-command"
. 
. Defining document command \liningnums with arg. spec. 'm' on line 111.
.................................................
) (D:\Programfiles\Ctex\MiKTeX\tex\latex\fontspec\fontspec-xetex.sty
Package: fontspec-xetex 2011/09/18 v2.2a Advanced font selection for XeLaTeX/Lu
aLaTeX

(D:\Programfiles\Ctex\MiKTeX\tex\latex\base\fontenc.sty
Package: fontenc 2005/09/27 v1.99g Standard LaTeX package

(D:\Programfiles\Ctex\MiKTeX\tex\latex\euenc\eu1enc.def
File: eu1enc.def 2010/05/27 v0.1h Experimental Unicode font encodings
)
LaTeX Font Info:    Try loading font information for EU1+lmr on input line 100.


(D:\Programfiles\Ctex\MiKTeX\tex\latex\euenc\eu1lmr.fd
File: eu1lmr.fd 2009/10/30 v1.6 Font defs for Latin Modern
)
Requested font "[lmroman10-regular]:mapping=tex-text" at 10.0pt
 -> D:/Programfiles/Ctex/MiKTeX/fonts/opentype/public/lm/lmroman10-regular.otf
)
(D:\Programfiles\Ctex\MiKTeX\tex\xelatex\xunicode\xunicode.sty
File: xunicode.sty 2011/09/09 v0.981 provides access to latin accents and many 
other characters in Unicode lower plane

(D:\Programfiles\Ctex\MiKTeX\tex\latex\tipa\t3enc.def
File: t3enc.def 2001/12/31 T3 encoding
Requested font "[lmromanslant10-regular]:mapping=tex-text" at 10.0pt
 -> D:/Programfiles/Ctex/MiKTeX/fonts/opentype/public/lm/lmromanslant10-regular
.otf
Requested font "[lmroman10-italic]:mapping=tex-text" at 10.0pt
 -> D:/Programfiles/Ctex/MiKTeX/fonts/opentype/public/lm/lmroman10-italic.otf
Requested font "[lmroman10-bold]:mapping=tex-text" at 10.0pt
 -> D:/Programfiles/Ctex/MiKTeX/fonts/opentype/public/lm/lmroman10-bold.otf
LaTeX Font Info:    Try loading font information for EU1+lmss on input line 357
.

(D:\Programfiles\Ctex\MiKTeX\tex\latex\euenc\eu1lmss.fd
File: eu1lmss.fd 2009/10/30 v1.6 Font defs for Latin Modern
)
Requested font "[lmsans10-regular]:mapping=tex-text" at 10.0pt
 -> D:/Programfiles/Ctex/MiKTeX/fonts/opentype/public/lm/lmsans10-regular.otf
)
\tipaTiiicode=\count168
\tipasavetokens=\toks15
\tipachecktokens=\toks16

(D:\Programfiles\Ctex\MiKTeX\tex\latex\graphics\graphicx.sty
Package: graphicx 1999/02/16 v1.0f Enhanced LaTeX Graphics (DPC,SPQR)
\Gin@req@height=\dimen144
\Gin@req@width=\dimen145
))
.................................................
. LaTeX info: "xparse/define-command"
. 
. Defining document command \fontspec with arg. spec. 'O{}m' on line 39.
.................................................
.................................................
. LaTeX info: "xparse/define-command"
. 
. Defining document command \setmainfont with arg. spec. 'O{}m' on line 43.
.................................................
.................................................
. LaTeX info: "xparse/define-command"
. 
. Defining document command \setsansfont with arg. spec. 'O{}m' on line 47.
.................................................
.................................................
. LaTeX info: "xparse/define-command"
. 
. Defining document command \setmonofont with arg. spec. 'O{}m' on line 51.
.................................................
.................................................
. LaTeX info: "xparse/define-command"
. 
. Defining document command \setmathrm with arg. spec. 'O{}m' on line 59.
.................................................
.................................................
. LaTeX info: "xparse/define-command"
. 
. Defining document command \setboldmathrm with arg. spec. 'O{}m' on line 62.
.................................................
.................................................
. LaTeX info: "xparse/define-command"
. 
. Defining document command \setmathsf with arg. spec. 'O{}m' on line 65.
.................................................
.................................................
. LaTeX info: "xparse/define-command"
. 
. Defining document command \setmathtt with arg. spec. 'O{}m' on line 68.
.................................................
.................................................
. LaTeX info: "xparse/define-command"
. 
. Defining document command \newfontfamily with arg. spec. 'mO{}m' on line 84.
.................................................
.................................................
. LaTeX info: "xparse/define-command"
. 
. Defining document command \newfontface with arg. spec. 'mO{}m' on line 87.
.................................................
.................................................
. LaTeX info: "xparse/define-command"
. 
. Defining document command \defaultfontfeatures with arg. spec. 'm' on line
. 91.
.................................................
.................................................
. LaTeX info: "xparse/define-command"
. 
. Defining document command \addfontfeatures with arg. spec. 'm' on line 107.
.................................................
.................................................
. LaTeX info: "xparse/define-command"
. 
. Defining document command \newfontfeature with arg. spec. 'mm' on line 118.
.................................................
.................................................
. LaTeX info: "xparse/define-command"
. 
. Defining document command \newAATfeature with arg. spec. 'mmmm' on line 125.
.................................................
.................................................
. LaTeX info: "xparse/define-command"
. 
. Defining document command \newICUfeature with arg. spec. 'mmm' on line 132.
.................................................
.................................................
. LaTeX info: "xparse/define-command"
. 
. Defining document command \aliasfontfeature with arg. spec. 'mm' on line
. 159.
.................................................
.................................................
. LaTeX info: "xparse/define-command"
. 
. Defining document command \aliasfontfeatureoption with arg. spec. 'mmm' on
. line 164.
.................................................
.................................................
. LaTeX info: "xparse/define-command"
. 
. Defining document command \newfontscript with arg. spec. 'mm' on line 169.
.................................................
.................................................
. LaTeX info: "xparse/define-command"
. 
. Defining document command \newfontlanguage with arg. spec. 'mm' on line 192.
.................................................
.................................................
. LaTeX info: "xparse/define-command"
. 
. Defining document command \DeclareFontsExtensions with arg. spec. 'm' on
. line 211.
.................................................
Variant \prop_gput:cnV already defined; not changing it on line 485
Variant \prop_gput:cnx already defined; not changing it on line 486
Variant \keys_set:nx already defined; not changing it on line 963
\c@fontspec_tmp_int=\count169
LaTeX Info: Redefining \itshape on input line 1881.
LaTeX Info: Redefining \slshape on input line 1885.
LaTeX Info: Redefining \scshape on input line 1889.
LaTeX Info: Redefining \upshape on input line 1893.

(D:\Programfiles\Ctex\MiKTeX\tex\latex\fontspec\fontspec.cfg)))
(D:\Programfiles\Ctex\MiKTeX\tex\xelatex\xetexurl\url.sty
\Urlmuskip=\muskip10
Package: url 2004/03/15  ver 3.1  Verb mode for urls, etc.
)
(D:\Programfiles\Ctex\MiKTeX\tex\latex\ltxmisc\parskip.sty
Package: parskip 2001/04/09 non-zero parskip adjustments
)
(D:\Programfiles\Ctex\MiKTeX\tex\latex\xcolor\xcolor.sty
Package: xcolor 2007/01/21 v2.11 LaTeX color extensions (UK)

(D:\Programfiles\Ctex\MiKTeX\tex\latex\00miktex\color.cfg
File: color.cfg 2007/01/18 v1.5 color configuration of teTeX/TeXLive
)
Package xcolor Info: Package option `usenames' ignored on input line 216.
Package xcolor Info: Driver file: xetex.def on input line 225.
LaTeX Info: Redefining \color on input line 702.
Package xcolor Info: Model `cmy' substituted by `cmy0' on input line 1337.
Package xcolor Info: Model `RGB' extended on input line 1353.
Package xcolor Info: Model `HTML' substituted by `rgb' on input line 1355.
Package xcolor Info: Model `Hsb' substituted by `hsb' on input line 1356.
Package xcolor Info: Model `tHsb' substituted by `hsb' on input line 1357.
Package xcolor Info: Model `HSB' substituted by `hsb' on input line 1358.
Package xcolor Info: Model `Gray' substituted by `gray' on input line 1359.
Package xcolor Info: Model `wave' substituted by `hsb' on input line 1360.

(D:\Programfiles\Ctex\MiKTeX\tex\latex\graphics\dvipsnam.def
File: dvipsnam.def 1999/02/16 v3.0i Driver-dependant file (DPC,SPQR)
))
(D:\Programfiles\Ctex\MiKTeX\tex\latex\preprint\fullpage.sty
Package: fullpage 1999/02/23 1.1 (PWD)
\FP@margin=\skip49
)
(D:\Programfiles\Ctex\MiKTeX\tex\latex\geometry\geometry.sty
Package: geometry 2010/09/12 v5.6 Page Geometry

(D:\Programfiles\Ctex\MiKTeX\tex\generic\oberdiek\ifpdf.sty
Package: ifpdf 2011/01/30 v2.3 Provides the ifpdf switch (HO)
Package ifpdf Info: pdfTeX in PDF mode is not detected.
)
(D:\Programfiles\Ctex\MiKTeX\tex\generic\oberdiek\ifvtex.sty
Package: ifvtex 2010/03/01 v1.5 Switches for detecting VTeX and its modes (HO)
Package ifvtex Info: VTeX not detected.
)
(D:\Programfiles\Ctex\MiKTeX\tex\generic\ifxetex\ifxetex.sty
Package: ifxetex 2010/09/12 v0.6 Provides ifxetex conditional
)
\Gm@cnth=\count170
\Gm@cntv=\count171
\c@Gm@tempcnt=\count172
\Gm@bindingoffset=\dimen146
\Gm@wd@mp=\dimen147
\Gm@odd@mp=\dimen148
\Gm@even@mp=\dimen149
\Gm@layoutwidth=\dimen150
\Gm@layoutheight=\dimen151
\Gm@layouthoffset=\dimen152
\Gm@layoutvoffset=\dimen153
\Gm@dimlist=\toks17

(D:\Programfiles\Ctex\MiKTeX\tex\xelatex\xetexconfig\geometry.cfg))
(E:\简历\awesome-latex-cv-zh-cn\fontawesome.sty
Package: fontawesome 2016/05/15 v4.6.3.1 font awesome icons

(D:\Programfiles\Ctex\MiKTeX\tex\generic\oberdiek\ifluatex.sty
Package: ifluatex 2010/03/01 v1.3 Provides the ifluatex switch (HO)
Package ifluatex Info: LuaTeX not detected.
)
(E:\简历\awesome-latex-cv-zh-cn\fontawesomesymbols-generic.tex)
(E:\简历\awesome-latex-cv-zh-cn\fontawesomesymbols-xeluatex.tex))
(D:\Programfiles\Ctex\MiKTeX\tex\latex\hyperref\hyperref.sty
Package: hyperref 2012/02/06 v6.82o Hypertext links for LaTeX

(D:\Programfiles\Ctex\MiKTeX\tex\generic\oberdiek\hobsub-hyperref.sty
Package: hobsub-hyperref 2011/04/23 v1.4 Bundle oberdiek, subset hyperref (HO)

(D:\Programfiles\Ctex\MiKTeX\tex\generic\oberdiek\hobsub-generic.sty
Package: hobsub-generic 2011/04/23 v1.4 Bundle oberdiek, subset generic (HO)
Package: hobsub 2011/04/23 v1.4 Subsetting bundle oberdiek (HO)
Package: infwarerr 2010/04/08 v1.3 Providing info/warning/message (HO)
Package: ltxcmds 2011/04/18 v1.20 LaTeX kernel commands for general use (HO)
Package hobsub Info: Skipping package `ifluatex' (already loaded).
Package hobsub Info: Skipping package `ifvtex' (already loaded).
Package: intcalc 2007/09/27 v1.1 Expandable integer calculations (HO)
Package hobsub Info: Skipping package `ifpdf' (already loaded).
Package: etexcmds 2011/02/16 v1.5 Prefix for e-TeX command names (HO)
Package etexcmds Info: Could not find \expanded.
(etexcmds)             That can mean that you are not using pdfTeX 1.50 or
(etexcmds)             that some package has redefined \expanded.
(etexcmds)             In the latter case, load this package earlier.
Package: kvsetkeys 2011/04/07 v1.13 Key value parser (HO)
Package: kvdefinekeys 2011/04/07 v1.3 Defining keys (HO)
Package: pdftexcmds 2011/04/22 v0.16 Utilities of pdfTeX for LuaTeX (HO)
Package pdftexcmds Info: LuaTeX not detected.
Package pdftexcmds Info: pdfTeX >= 1.30 not detected.
Package pdftexcmds Info: \pdf@primitive is available.
Package pdftexcmds Info: \pdf@ifprimitive is available.
Package pdftexcmds Info: \pdfdraftmode not found.
Package: pdfescape 2011/04/04 v1.12 Provides string conversions (HO)
Package: bigintcalc 2011/01/30 v1.2 Expandable big integer calculations (HO)
Package: bitset 2011/01/30 v1.1 Data type bit set (HO)
Package: uniquecounter 2011/01/30 v1.2 Provides unlimited unique counter (HO)
)
Package hobsub Info: Skipping package `hobsub' (already loaded).
Package: letltxmacro 2010/09/02 v1.4 Let assignment for LaTeX macros (HO)
Package: hopatch 2011/01/30 v1.0 Wrapper for package hooks (HO)
Package: xcolor-patch 2011/01/30 xcolor patch
Package: atveryend 2011/04/23 v1.7 Hooks at very end of document (HO)
Package: atbegshi 2011/01/30 v1.15 At begin shipout hook (HO)
Package: refcount 2010/12/01 v3.2 Data extraction from references (HO)
Package: hycolor 2011/01/30 v1.7 Color options of hyperref/bookmark (HO)
)
(D:\Programfiles\Ctex\MiKTeX\tex\latex\oberdiek\kvoptions.sty
Package: kvoptions 2010/12/23 v3.10 Keyval support for LaTeX options (HO)
)
\@linkdim=\dimen154
\Hy@linkcounter=\count173
\Hy@pagecounter=\count174

(D:\Programfiles\Ctex\MiKTeX\tex\latex\hyperref\pd1enc.def
File: pd1enc.def 2012/02/06 v6.82o Hyperref: PDFDocEncoding definition (HO)
)
\Hy@SavedSpaceFactor=\count175

(D:\Programfiles\Ctex\MiKTeX\tex\latex\00miktex\hyperref.cfg
File: hyperref.cfg 2002/06/06 v1.2 hyperref configuration of TeXLive
)
Package hyperref Info: Hyper figures OFF on input line 4046.
Package hyperref Info: Link nesting OFF on input line 4051.
Package hyperref Info: Hyper index ON on input line 4054.
Package hyperref Info: Plain pages OFF on input line 4061.
Package hyperref Info: Backreferencing OFF on input line 4066.
Package hyperref Info: Implicit mode ON; LaTeX internals redefined.
Package hyperref Info: Bookmarks ON on input line 4284.
\c@Hy@tempcnt=\count176
LaTeX Info: Redefining \url on input line 4637.
\Fld@menulength=\count177
\Field@Width=\dimen155
\Fld@charsize=\dimen156
Package hyperref Info: Hyper figures OFF on input line 5757.
Package hyperref Info: Link nesting OFF on input line 5762.
Package hyperref Info: Hyper index ON on input line 5765.
Package hyperref Info: backreferencing OFF on input line 5772.
Package hyperref Info: Link coloring OFF on input line 5777.
Package hyperref Info: Link coloring with OCG OFF on input line 5782.
Package hyperref Info: PDF/A mode OFF on input line 5787.
LaTeX Info: Redefining \ref on input line 5827.
LaTeX Info: Redefining \pageref on input line 5831.
\Hy@abspage=\count178
\c@Item=\count179
\c@Hfootnote=\count180
)

Package hyperref Message: Driver (autodetected): hxetex.

(D:\Programfiles\Ctex\MiKTeX\tex\latex\hyperref\hxetex.def
File: hxetex.def 2012/02/06 v6.82o Hyperref driver for XeTeX

(D:\Programfiles\Ctex\MiKTeX\tex\latex\hyperref\puenc.def
File: puenc.def 2012/02/06 v6.82o Hyperref: PDF Unicode definition (HO)
)
(D:\Programfiles\Ctex\MiKTeX\tex\generic\oberdiek\stringenc.sty
Package: stringenc 2010/03/01 v1.8 Converts strings between encodings (HO)
)
\pdfm@box=\box35
\c@Hy@AnnotLevel=\count181
\HyField@AnnotCount=\count182
\Fld@listcount=\count183
\c@bookmark@seq@number=\count184

(D:\Programfiles\Ctex\MiKTeX\tex\latex\oberdiek\rerunfilecheck.sty
Package: rerunfilecheck 2011/04/15 v1.7 Rerun checks for auxiliary files (HO)
Package rerunfilecheck Info: Feature \pdfmdfivesum is not available
(rerunfilecheck)             (e.g. pdfTeX or LuaTeX with package `pdftexcmds').

(rerunfilecheck)             Therefore file contents cannot be checked efficien
tly
(rerunfilecheck)             and the loading of the package is aborted.
)
\Hy@SectionHShift=\skip50
)
(D:\Programfiles\Ctex\MiKTeX\tex\latex\titlesec\titlesec.sty
Package: titlesec 2011/12/15 v2.10.0 Sectioning titles
\ttl@box=\box36
\beforetitleunit=\skip51
\aftertitleunit=\skip52
\ttl@plus=\dimen157
\ttl@minus=\dimen158
\ttl@toksa=\toks18
\titlewidth=\dimen159
\titlewidthlast=\dimen160
\titlewidthfirst=\dimen161
)
(D:\Programfiles\Ctex\MiKTeX\tex\latex\tools\array.sty
Package: array 2008/09/09 v2.4c Tabular extension package (FMi)
\col@sep=\dimen162
\extrarowheight=\dimen163
\NC@list=\toks19
\extratabsurround=\skip53
\backup@length=\skip54
)
(D:\Programfiles\Ctex\MiKTeX\tex\latex\enumitem\enumitem.sty
Package: enumitem 2011/09/28 v3.5.2 Customized lists
\labelindent=\skip55
\enit@outerparindent=\dimen164
\enit@toks=\toks20
\enit@inbox=\box37
\enitdp@description=\count185
)
(D:\Programfiles\Ctex\MiKTeX\tex\latex\tools\longtable.sty
Package: longtable 2004/02/01 v4.11 Multi-page Table package (DPC)
\LTleft=\skip56
\LTright=\skip57
\LTpre=\skip58
\LTpost=\skip59
\LTchunksize=\count186
\LTcapwidth=\dimen165
\LT@head=\box38
\LT@firsthead=\box39
\LT@foot=\box40
\LT@lastfoot=\box41
\LT@cols=\count187
\LT@rows=\count188
\c@LT@tables=\count189
\c@LT@chunks=\count190
\LT@p@ftn=\toks21
)
(D:\Programfiles\Ctex\MiKTeX\tex\latex\etoolbox\etoolbox.sty
Package: etoolbox 2011/01/03 v2.1 e-TeX tools for LaTeX
\etb@tempcnta=\count191
)
(D:\Programfiles\Ctex\MiKTeX\tex\latex\pgf\frontendlayer\tikz.sty
(D:\Programfiles\Ctex\MiKTeX\tex\latex\pgf\basiclayer\pgf.sty
(D:\Programfiles\Ctex\MiKTeX\tex\latex\pgf\utilities\pgfrcs.sty
(D:\Programfiles\Ctex\MiKTeX\tex\generic\pgf\utilities\pgfutil-common.tex
\pgfutil@everybye=\toks22
)
(D:\Programfiles\Ctex\MiKTeX\tex\generic\pgf\utilities\pgfutil-latex.def
\pgfutil@abb=\box42

(D:\Programfiles\Ctex\MiKTeX\tex\latex\ms\everyshi.sty
Package: everyshi 2001/05/15 v3.00 EveryShipout Package (MS)
))
(D:\Programfiles\Ctex\MiKTeX\tex\generic\pgf\utilities\pgfrcs.code.tex
Package: pgfrcs 2010/10/25 v2.10 (rcs-revision 1.24)
))
Package: pgf 2008/01/15 v2.10 (rcs-revision 1.12)

(D:\Programfiles\Ctex\MiKTeX\tex\latex\pgf\basiclayer\pgfcore.sty
(D:\Programfiles\Ctex\MiKTeX\tex\latex\pgf\systemlayer\pgfsys.sty
(D:\Programfiles\Ctex\MiKTeX\tex\generic\pgf\systemlayer\pgfsys.code.tex
Package: pgfsys 2010/06/30 v2.10 (rcs-revision 1.37)

(D:\Programfiles\Ctex\MiKTeX\tex\generic\pgf\utilities\pgfkeys.code.tex
\pgfkeys@pathtoks=\toks23
\pgfkeys@temptoks=\toks24

(D:\Programfiles\Ctex\MiKTeX\tex\generic\pgf\utilities\pgfkeysfiltered.code.tex
\pgfkeys@tmptoks=\toks25
))
\pgf@x=\dimen166
\pgf@y=\dimen167
\pgf@xa=\dimen168
\pgf@ya=\dimen169
\pgf@xb=\dimen170
\pgf@yb=\dimen171
\pgf@xc=\dimen172
\pgf@yc=\dimen173
\w@pgf@writea=\write3
\r@pgf@reada=\read1
\c@pgf@counta=\count192
\c@pgf@countb=\count193
\c@pgf@countc=\count194
\c@pgf@countd=\count195
 (D:\Programfiles\Ctex\MiKTeX\tex\generic\pgf\systemlayer\pgf.cfg
File: pgf.cfg 2008/05/14  (rcs-revision 1.7)
)
Package pgfsys Info: Driver file for pgf: pgfsys-xetex.def on input line 900.

(D:\Programfiles\Ctex\MiKTeX\tex\generic\pgf\systemlayer\pgfsys-xetex.def
File: pgfsys-xetex.def 2010/02/16  (rcs-revision 1.3)

(D:\Programfiles\Ctex\MiKTeX\tex\generic\pgf\systemlayer\pgfsys-common-pdf.def
File: pgfsys-common-pdf.def 2008/05/19  (rcs-revision 1.10)
)
(D:\Programfiles\Ctex\MiKTeX\tex\generic\pgf\systemlayer\pgfsys-common-pdf-via-
dvi.def
File: pgfsys-common-pdf-via-dvi.def 2008/05/19  (rcs-revision 1.7)
)))
(D:\Programfiles\Ctex\MiKTeX\tex\generic\pgf\systemlayer\pgfsyssoftpath.code.te
x
File: pgfsyssoftpath.code.tex 2008/07/18  (rcs-revision 1.7)
\pgfsyssoftpath@smallbuffer@items=\count196
\pgfsyssoftpath@bigbuffer@items=\count197
)
(D:\Programfiles\Ctex\MiKTeX\tex\generic\pgf\systemlayer\pgfsysprotocol.code.te
x
File: pgfsysprotocol.code.tex 2006/10/16  (rcs-revision 1.4)
)) (D:\Programfiles\Ctex\MiKTeX\tex\generic\pgf\basiclayer\pgfcore.code.tex
Package: pgfcore 2010/04/11 v2.10 (rcs-revision 1.7)

(D:\Programfiles\Ctex\MiKTeX\tex\generic\pgf\math\pgfmath.code.tex
(D:\Programfiles\Ctex\MiKTeX\tex\generic\pgf\math\pgfmathcalc.code.tex
(D:\Programfiles\Ctex\MiKTeX\tex\generic\pgf\math\pgfmathutil.code.tex)
(D:\Programfiles\Ctex\MiKTeX\tex\generic\pgf\math\pgfmathparser.code.tex
\pgfmath@dimen=\dimen174
\pgfmath@count=\count198
\pgfmath@box=\box43
\pgfmath@toks=\toks26
\pgfmath@stack@operand=\toks27
\pgfmath@stack@operation=\toks28
)
(D:\Programfiles\Ctex\MiKTeX\tex\generic\pgf\math\pgfmathfunctions.code.tex
(D:\Programfiles\Ctex\MiKTeX\tex\generic\pgf\math\pgfmathfunctions.basic.code.t
ex)
(D:\Programfiles\Ctex\MiKTeX\tex\generic\pgf\math\pgfmathfunctions.trigonometri
c.code.tex)
(D:\Programfiles\Ctex\MiKTeX\tex\generic\pgf\math\pgfmathfunctions.random.code.
tex)
(D:\Programfiles\Ctex\MiKTeX\tex\generic\pgf\math\pgfmathfunctions.comparison.c
ode.tex)
(D:\Programfiles\Ctex\MiKTeX\tex\generic\pgf\math\pgfmathfunctions.base.code.te
x)
(D:\Programfiles\Ctex\MiKTeX\tex\generic\pgf\math\pgfmathfunctions.round.code.t
ex)
(D:\Programfiles\Ctex\MiKTeX\tex\generic\pgf\math\pgfmathfunctions.misc.code.te
x))) (D:\Programfiles\Ctex\MiKTeX\tex\generic\pgf\math\pgfmathfloat.code.tex
\c@pgfmathroundto@lastzeros=\count199
))
(D:\Programfiles\Ctex\MiKTeX\tex\generic\pgf\basiclayer\pgfcorepoints.code.tex
File: pgfcorepoints.code.tex 2010/04/09  (rcs-revision 1.20)
\pgf@picminx=\dimen175
\pgf@picmaxx=\dimen176
\pgf@picminy=\dimen177
\pgf@picmaxy=\dimen178
\pgf@pathminx=\dimen179
\pgf@pathmaxx=\dimen180
\pgf@pathminy=\dimen181
\pgf@pathmaxy=\dimen182
\pgf@xx=\dimen183
\pgf@xy=\dimen184
\pgf@yx=\dimen185
\pgf@yy=\dimen186
\pgf@zx=\dimen187
\pgf@zy=\dimen188
)
(D:\Programfiles\Ctex\MiKTeX\tex\generic\pgf\basiclayer\pgfcorepathconstruct.co
de.tex
File: pgfcorepathconstruct.code.tex 2010/08/03  (rcs-revision 1.24)
\pgf@path@lastx=\dimen189
\pgf@path@lasty=\dimen190
)
(D:\Programfiles\Ctex\MiKTeX\tex\generic\pgf\basiclayer\pgfcorepathusage.code.t
ex
File: pgfcorepathusage.code.tex 2008/04/22  (rcs-revision 1.12)
\pgf@shorten@end@additional=\dimen191
\pgf@shorten@start@additional=\dimen192
)
(D:\Programfiles\Ctex\MiKTeX\tex\generic\pgf\basiclayer\pgfcorescopes.code.tex
File: pgfcorescopes.code.tex 2010/09/08  (rcs-revision 1.34)
\pgfpic=\box44
\pgf@hbox=\box45
\pgf@layerbox@main=\box46
\pgf@picture@serial@count=\count200
)
(D:\Programfiles\Ctex\MiKTeX\tex\generic\pgf\basiclayer\pgfcoregraphicstate.cod
e.tex
File: pgfcoregraphicstate.code.tex 2008/04/22  (rcs-revision 1.9)
\pgflinewidth=\dimen193
)
(D:\Programfiles\Ctex\MiKTeX\tex\generic\pgf\basiclayer\pgfcoretransformations.
code.tex
File: pgfcoretransformations.code.tex 2009/06/10  (rcs-revision 1.11)
\pgf@pt@x=\dimen194
\pgf@pt@y=\dimen195
\pgf@pt@temp=\dimen196
)
(D:\Programfiles\Ctex\MiKTeX\tex\generic\pgf\basiclayer\pgfcorequick.code.tex
File: pgfcorequick.code.tex 2008/10/09  (rcs-revision 1.3)
)
(D:\Programfiles\Ctex\MiKTeX\tex\generic\pgf\basiclayer\pgfcoreobjects.code.tex
File: pgfcoreobjects.code.tex 2006/10/11  (rcs-revision 1.2)
)
(D:\Programfiles\Ctex\MiKTeX\tex\generic\pgf\basiclayer\pgfcorepathprocessing.c
ode.tex
File: pgfcorepathprocessing.code.tex 2008/10/09  (rcs-revision 1.8)
)
(D:\Programfiles\Ctex\MiKTeX\tex\generic\pgf\basiclayer\pgfcorearrows.code.tex
File: pgfcorearrows.code.tex 2008/04/23  (rcs-revision 1.11)
) (D:\Programfiles\Ctex\MiKTeX\tex\generic\pgf\basiclayer\pgfcoreshade.code.tex
File: pgfcoreshade.code.tex 2008/11/23  (rcs-revision 1.13)
\pgf@max=\dimen197
\pgf@sys@shading@range@num=\count201
) (D:\Programfiles\Ctex\MiKTeX\tex\generic\pgf\basiclayer\pgfcoreimage.code.tex
File: pgfcoreimage.code.tex 2010/03/25  (rcs-revision 1.16)

(D:\Programfiles\Ctex\MiKTeX\tex\generic\pgf\basiclayer\pgfcoreexternal.code.te
x
File: pgfcoreexternal.code.tex 2010/09/01  (rcs-revision 1.17)
\pgfexternal@startupbox=\box47
))
(D:\Programfiles\Ctex\MiKTeX\tex\generic\pgf\basiclayer\pgfcorelayers.code.tex
File: pgfcorelayers.code.tex 2010/08/27  (rcs-revision 1.2)
)
(D:\Programfiles\Ctex\MiKTeX\tex\generic\pgf\basiclayer\pgfcoretransparency.cod
e.tex
File: pgfcoretransparency.code.tex 2008/01/17  (rcs-revision 1.2)
)
(D:\Programfiles\Ctex\MiKTeX\tex\generic\pgf\basiclayer\pgfcorepatterns.code.te
x
File: pgfcorepatterns.code.tex 2009/07/02  (rcs-revision 1.3)
)))
(D:\Programfiles\Ctex\MiKTeX\tex\generic\pgf\modules\pgfmoduleshapes.code.tex
File: pgfmoduleshapes.code.tex 2010/09/09  (rcs-revision 1.13)
\pgfnodeparttextbox=\box48
)
(D:\Programfiles\Ctex\MiKTeX\tex\generic\pgf\modules\pgfmoduleplot.code.tex
File: pgfmoduleplot.code.tex 2010/10/22  (rcs-revision 1.8)
)
(D:\Programfiles\Ctex\MiKTeX\tex\latex\pgf\compatibility\pgfcomp-version-0-65.s
ty
Package: pgfcomp-version-0-65 2007/07/03 v2.10 (rcs-revision 1.7)
\pgf@nodesepstart=\dimen198
\pgf@nodesepend=\dimen199
)
(D:\Programfiles\Ctex\MiKTeX\tex\latex\pgf\compatibility\pgfcomp-version-1-18.s
ty
Package: pgfcomp-version-1-18 2007/07/23 v2.10 (rcs-revision 1.1)
)) (D:\Programfiles\Ctex\MiKTeX\tex\latex\pgf\utilities\pgffor.sty
(D:\Programfiles\Ctex\MiKTeX\tex\latex\pgf\utilities\pgfkeys.sty
(D:\Programfiles\Ctex\MiKTeX\tex\generic\pgf\utilities\pgfkeys.code.tex))
(D:\Programfiles\Ctex\MiKTeX\tex\generic\pgf\utilities\pgffor.code.tex
Package: pgffor 2010/03/23 v2.10 (rcs-revision 1.18)
\pgffor@iter=\dimen200
\pgffor@skip=\dimen201
\pgffor@stack=\toks29
\pgffor@toks=\toks30
))
(D:\Programfiles\Ctex\MiKTeX\tex\generic\pgf\frontendlayer\tikz\tikz.code.tex
Package: tikz 2010/10/13 v2.10 (rcs-revision 1.76)

(D:\Programfiles\Ctex\MiKTeX\tex\generic\pgf\libraries\pgflibraryplothandlers.c
ode.tex
File: pgflibraryplothandlers.code.tex 2010/05/31 v2.10 (rcs-revision 1.15)
Normal \count register pool exhausted, switching to extended pool.
\pgf@plot@mark@count=\count277
Normal \dimen register pool exhausted, switching to extended pool.
\pgfplotmarksize=\dimen256
)
\tikz@lastx=\dimen257
\tikz@lasty=\dimen258
\tikz@lastxsaved=\dimen259
\tikz@lastysaved=\dimen260
\tikzleveldistance=\dimen261
\tikzsiblingdistance=\dimen262
\tikz@figbox=\box49
\tikz@tempbox=\box50
\tikztreelevel=\count278
\tikznumberofchildren=\count279
\tikznumberofcurrentchild=\count280
\tikz@fig@count=\count281

(D:\Programfiles\Ctex\MiKTeX\tex\generic\pgf\modules\pgfmodulematrix.code.tex
File: pgfmodulematrix.code.tex 2010/08/24  (rcs-revision 1.4)
\pgfmatrixcurrentrow=\count282
\pgfmatrixcurrentcolumn=\count283
\pgf@matrix@numberofcolumns=\count284
)
\tikz@expandcount=\count285

(D:\Programfiles\Ctex\MiKTeX\tex\generic\pgf\frontendlayer\tikz\libraries\tikzl
ibrarytopaths.code.tex
File: tikzlibrarytopaths.code.tex 2008/06/17 v2.10 (rcs-revision 1.2)
))) (E:\简历\awesome-latex-cv-zh-cn\tcolorbox.sty
Package: tcolorbox 2018/03/22 version 4.13 text color boxes

(D:\Programfiles\Ctex\MiKTeX\tex\latex\tools\verbatim.sty
Package: verbatim 2003/08/22 v1.5q LaTeX2e package for verbatim enhancements
\every@verbatim=\toks31
\verbatim@line=\toks32
\verbatim@in@stream=\read2
)
(D:\Programfiles\Ctex\MiKTeX\tex\latex\environ\environ.sty
Package: environ 2008/06/18 v0.2 A new way to define environments
\@emptytoks=\toks33
\@envbody=\toks34
)

LaTeX Warning: You have requested, on input line 26, version
               `2013/04/01' of package environ,
               but only version
               `2008/06/18 v0.2 A new way to define environments'
               is available.

\tcb@titlebox=\box51
\tcb@upperbox=\box52
\tcb@lowerbox=\box53
\tcb@phantombox=\box54
\c@tcbbreakpart=\count286
\c@tcblayer=\count287
\tcolorbox@number=\count288
\tcb@temp=\box55
\tcb@temp=\box56
\tcb@temp=\box57
\tcb@temp=\box58
\tcb@out=\write4
\tcb@record@out=\write5
)
Package hyperref Info: Option `breaklinks' set `true' on input line 94.
Requested font "[fonts/FontAwesome]/ICU" at 10.0pt
 -> E:/ç®^^80å^^8e^^86/awesome-latex-cv-zh-cn/fonts/FontAwesome.ttf
.................................................
. fontspec info: "no-scripts"
. 
. Font FontAwesome does not contain any OpenType `Script' information.
.................................................
\g_fontspec_family_FontAwesome_int=\count289
.................................................
. fontspec info: "defining-font"
. 
. Font family 'FontAwesome(0)' created for font 'FontAwesome' with options
. [Mapping=tex-text,Path=fonts/].
. 
. This font family consists of the following shapes:
. 
. * 'normal' with NFSS spec.:
. <->"[fonts/FontAwesome]/ICU:mapping=tex-text;"
.................................................
Requested font "[fonts/SourceSansPro-Light]/ICU" at 10.0pt
 -> E:/ç®^^80å^^8e^^86/awesome-latex-cv-zh-cn/fonts/SourceSansPro-Light.otf
\g_fontspec_family_SourceSansPro-Light_int=\count290
Requested font "[fonts/SourceSansPro-Regular]/ICU" at 10.0pt
 -> E:/ç®^^80å^^8e^^86/awesome-latex-cv-zh-cn/fonts/SourceSansPro-Regular.ot
f
Requested font "[fonts/SourceSansPro-Semibold]/ICU" at 10.0pt
 -> E:/ç®^^80å^^8e^^86/awesome-latex-cv-zh-cn/fonts/SourceSansPro-Semibold.o
tf
Requested font "[fonts/SourceSansPro-LightIt]/ICU" at 10.0pt
 -> E:/ç®^^80å^^8e^^86/awesome-latex-cv-zh-cn/fonts/SourceSansPro-LightIt.ot
f
.................................................
. fontspec info: "defining-font"
. 
. Font family 'SourceSansPro-Light(0)' created for font 'SourceSansPro-Light'
. with options [Mapping=tex-text, Path = fonts/, BoldFont =
. SourceSansPro-Semibold, ItalicFont = SourceSansPro-LightIt, SmallCapsFont =
. SourceSansPro-Regular].
. 
. This font family consists of the following shapes:
. 
. * 'normal' with NFSS spec.:
. 
. <->"[fonts/SourceSansPro-Light]/ICU:script=latn;language=DFLT;mapping=tex-tex
t;"
. 
. * 'small caps' with NFSS spec.:
. 
. <->"[fonts/SourceSansPro-Regular]/ICU:script=latn;language=DFLT;mapping=tex-t
ext;"
. 
. * 'bold' with NFSS spec.:
. 
. <->"[fonts/SourceSansPro-Semibold]/ICU:script=latn;language=DFLT;mapping=tex-
text;"
. 
. * 'bold small caps' with NFSS spec.:
. 
. <->"[fonts/SourceSansPro-Regular]/ICU:script=latn;language=DFLT;mapping=tex-t
ext;"
. 
. * 'italic' with NFSS spec.:
. 
. <->"[fonts/SourceSansPro-LightIt]/ICU:script=latn;language=DFLT;mapping=tex-t
ext;"
. 
. * 'italic small caps' with NFSS spec.:
. 
. <->"[fonts/SourceSansPro-Regular]/ICU:script=latn;language=DFLT;mapping=tex-t
ext;"
.................................................
Requested font "[fonts/SourceSansPro-Light]/ICU:script=latn;language=DFLT;mappi
ng=tex-text;" at 10.0pt
 -> E:/ç®^^80å^^8e^^86/awesome-latex-cv-zh-cn/fonts/SourceSansPro-Light.otf
\rightcolumnlength=\skip60
\leftcolumn=\skip61
) (E:\简历\awesome-latex-cv-zh-cn\zh_cn-adobefonts_external.sty
Package: zh_cn-adobefonts_external 2015/05/25 zh_cn-adobefonts_internal Package


(D:\Programfiles\Ctex\MiKTeX\tex\xelatex\xecjk\xeCJK.sty
Package: xeCJK 2012/01/31 2.4.5 package for typesetting CJK scripts with XeLaTe
X

(D:\Programfiles\Ctex\MiKTeX\tex\latex\xkeyval\xkeyval.sty
Package: xkeyval 2008/08/13 v2.6a package option processing (HA)

(D:\Programfiles\Ctex\MiKTeX\tex\generic\xkeyval\xkeyval.tex
\XKV@toks=\toks35
\XKV@tempa@toks=\toks36
\XKV@depth=\count291
File: xkeyval.tex 2008/08/13 v2.6a key=value parser (HA)
))
\xeCJK@cnta=\count292
\xeCJK@cntb=\count293
\xeCJK@cntc=\count294
\xeCJK@cntd=\count295
\xeCJK@cnte=\count296
\xeCJK@dima=\dimen263
LaTeX Info: Redefining \normalfont on input line 886.
LaTeX Info: Redefining \rmfamily on input line 895.
LaTeX Info: Redefining \sffamily on input line 899.
LaTeX Info: Redefining \ttfamily on input line 903.
\xeCJK@featureadded=\count297
\g_xecjk_exspace_dim=\dimen264
))
(E:\简历\awesome-latex-cv-zh-cn\awesome-cv-cn.aux)
LaTeX Font Info:    Checking defaults for OML/cmm/m/it on input line 38.
LaTeX Font Info:    ... okay on input line 38.
LaTeX Font Info:    Checking defaults for T1/cmr/m/n on input line 38.
LaTeX Font Info:    ... okay on input line 38.
LaTeX Font Info:    Checking defaults for OT1/cmr/m/n on input line 38.
LaTeX Font Info:    ... okay on input line 38.
LaTeX Font Info:    Checking defaults for OMS/cmsy/m/n on input line 38.
LaTeX Font Info:    ... okay on input line 38.
LaTeX Font Info:    Checking defaults for OMX/cmex/m/n on input line 38.
LaTeX Font Info:    ... okay on input line 38.
LaTeX Font Info:    Checking defaults for U/cmr/m/n on input line 38.
LaTeX Font Info:    ... okay on input line 38.
LaTeX Font Info:    Checking defaults for EU1/lmr/m/n on input line 38.
LaTeX Font Info:    ... okay on input line 38.
LaTeX Font Info:    Checking defaults for T3/cmr/m/n on input line 38.
LaTeX Font Info:    Try loading font information for T3+cmr on input line 38.

(D:\Programfiles\Ctex\MiKTeX\tex\latex\tipa\t3cmr.fd
File: t3cmr.fd 2001/12/31 TIPA font definitions
)
LaTeX Font Info:    ... okay on input line 38.
LaTeX Font Info:    Checking defaults for PD1/pdf/m/n on input line 38.
LaTeX Font Info:    ... okay on input line 38.
LaTeX Font Info:    Checking defaults for PU/pdf/m/n on input line 38.
LaTeX Font Info:    ... okay on input line 38.
LaTeX Info: Redefining \degres on input line 38.
LaTeX Info: Redefining \dots on input line 38.
LaTeX Info: Redefining \up on input line 38.
.................................................
. fontspec info: "setup-math"
. 
. Adjusting the maths setup (use [no-math] to avoid this).
.................................................
\symlegacymaths=\mathgroup4
LaTeX Font Info:    Overwriting symbol font `legacymaths' in version `bold'
(Font)                  OT1/cmr/m/n --> OT1/cmr/bx/n on input line 38.
LaTeX Font Info:    Redeclaring math accent \acute on input line 38.
LaTeX Font Info:    Redeclaring math accent \grave on input line 38.
LaTeX Font Info:    Redeclaring math accent \ddot on input line 38.
LaTeX Font Info:    Redeclaring math accent \tilde on input line 38.
LaTeX Font Info:    Redeclaring math accent \bar on input line 38.
LaTeX Font Info:    Redeclaring math accent \breve on input line 38.
LaTeX Font Info:    Redeclaring math accent \check on input line 38.
LaTeX Font Info:    Redeclaring math accent \hat on input line 38.
LaTeX Font Info:    Redeclaring math accent \dot on input line 38.
LaTeX Font Info:    Redeclaring math accent \mathring on input line 38.
LaTeX Font Info:    Redeclaring math symbol \colon on input line 38.
LaTeX Font Info:    Redeclaring math symbol \Gamma on input line 38.
LaTeX Font Info:    Redeclaring math symbol \Delta on input line 38.
LaTeX Font Info:    Redeclaring math symbol \Theta on input line 38.
LaTeX Font Info:    Redeclaring math symbol \Lambda on input line 38.
LaTeX Font Info:    Redeclaring math symbol \Xi on input line 38.
LaTeX Font Info:    Redeclaring math symbol \Pi on input line 38.
LaTeX Font Info:    Redeclaring math symbol \Sigma on input line 38.
LaTeX Font Info:    Redeclaring math symbol \Upsilon on input line 38.
LaTeX Font Info:    Redeclaring math symbol \Phi on input line 38.
LaTeX Font Info:    Redeclaring math symbol \Psi on input line 38.
LaTeX Font Info:    Redeclaring math symbol \Omega on input line 38.
LaTeX Font Info:    Redeclaring math symbol \mathdollar on input line 38.
LaTeX Font Info:    Redeclaring symbol font `operators' on input line 38.
LaTeX Font Info:    Encoding `OT1' has changed to `EU1' for symbol font
(Font)              `operators' in the math version `normal' on input line 38.
LaTeX Font Info:    Overwriting symbol font `operators' in version `normal'
(Font)                  OT1/cmr/m/n --> EU1/SourceSansPro-Light(0)/m/n on input
 line 38.
LaTeX Font Info:    Encoding `OT1' has changed to `EU1' for symbol font
(Font)              `operators' in the math version `bold' on input line 38.
LaTeX Font Info:    Overwriting symbol font `operators' in version `bold'
(Font)                  OT1/cmr/bx/n --> EU1/SourceSansPro-Light(0)/m/n on inpu
t line 38.
LaTeX Font Info:    Overwriting symbol font `operators' in version `normal'
(Font)                  EU1/SourceSansPro-Light(0)/m/n --> EU1/SourceSansPro-Li
ght(0)/m/n on input line 38.
LaTeX Font Info:    Overwriting math alphabet `\mathrm' in version `normal'
(Font)                  EU1/SourceSansPro-Light(0)/m/n --> EU1/SourceSansPro-Li
ght(0)/m/n on input line 38.
LaTeX Font Info:    Overwriting math alphabet `\mathit' in version `normal'
(Font)                  OT1/cmr/m/it --> EU1/SourceSansPro-Light(0)/m/it on inp
ut line 38.
LaTeX Font Info:    Overwriting math alphabet `\mathbf' in version `normal'
(Font)                  OT1/cmr/bx/n --> EU1/SourceSansPro-Light(0)/bx/n on inp
ut line 38.
LaTeX Font Info:    Overwriting math alphabet `\mathsf' in version `normal'
(Font)                  OT1/cmss/m/n --> EU1/lmss/m/n on input line 38.
LaTeX Font Info:    Overwriting math alphabet `\mathtt' in version `normal'
(Font)                  OT1/cmtt/m/n --> EU1/lmtt/m/n on input line 38.
LaTeX Font Info:    Overwriting symbol font `operators' in version `bold'
(Font)                  EU1/SourceSansPro-Light(0)/m/n --> EU1/SourceSansPro-Li
ght(0)/bx/n on input line 38.
LaTeX Font Info:    Overwriting math alphabet `\mathrm' in version `bold'
(Font)                  EU1/SourceSansPro-Light(0)/m/n --> EU1/SourceSansPro-Li
ght(0)/bx/n on input line 38.
LaTeX Font Info:    Overwriting math alphabet `\mathit' in version `bold'
(Font)                  OT1/cmr/bx/it --> EU1/SourceSansPro-Light(0)/bx/it on i
nput line 38.
LaTeX Font Info:    Overwriting math alphabet `\mathsf' in version `bold'
(Font)                  OT1/cmss/bx/n --> EU1/lmss/bx/n on input line 38.
LaTeX Font Info:    Overwriting math alphabet `\mathtt' in version `bold'
(Font)                  OT1/cmtt/m/n --> EU1/lmtt/bx/n on input line 38.

*geometry* detected driver: pdftex
*geometry* verbose mode - [ preamble ] result:
* driver: pdftex
* paper: <default>
* layout: <same size as paper>
* layoutoffset:(h,v)=(0.0pt,0.0pt)
* modes: 
* h-part:(L,W,R)=(42.67912pt, 512.14963pt, 42.67912pt)
* v-part:(T,H,B)=(42.67912pt, 759.6886pt, 42.67912pt)
* \paperwidth=597.50787pt
* \paperheight=845.04684pt
* \textwidth=512.14963pt
* \textheight=759.6886pt
* \oddsidemargin=-29.59087pt
* \evensidemargin=-29.59087pt
* \topmargin=-29.59087pt
* \headheight=0.0pt
* \headsep=0.0pt
* \topskip=10.0pt
* \footskip=30.0pt
* \marginparwidth=57.0pt
* \marginparsep=11.0pt
* \columnsep=10.0pt
* \skip\footins=9.0pt plus 4.0pt minus 2.0pt
* \hoffset=0.0pt
* \voffset=0.0pt
* \mag=1000
* \@twocolumnfalse
* \@twosidefalse
* \@mparswitchfalse
* \@reversemarginfalse
* (1in=72.27pt=25.4mm, 1cm=28.453pt)

\AtBeginShipoutBox=\box59
Package hyperref Info: Link coloring OFF on input line 38.
(D:\Programfiles\Ctex\MiKTeX\tex\latex\hyperref\nameref.sty
Package: nameref 2010/04/30 v2.40 Cross-referencing by name of section

(D:\Programfiles\Ctex\MiKTeX\tex\generic\oberdiek\gettitlestring.sty
Package: gettitlestring 2010/12/03 v1.4 Cleanup title references (HO)
)
\c@section@level=\count298
)
LaTeX Info: Redefining \ref on input line 38.
LaTeX Info: Redefining \pageref on input line 38.
LaTeX Info: Redefining \nameref on input line 38.

(E:\简历\awesome-latex-cv-zh-cn\awesome-cv-cn.out)
(E:\简历\awesome-latex-cv-zh-cn\awesome-cv-cn.out)
\@outlinefile=\write6

ABD: EveryShipout initializing macros
Requested font "[fonts/SourceSansPro-Light]/ICU:script=latn;language=DFLT;mappi
ng=tex-text;" at 17.28pt
 -> E:/ç®^^80å^^8e^^86/awesome-latex-cv-zh-cn/fonts/SourceSansPro-Light.otf
Requested font "[fonts/SourceSansPro-Semibold]/ICU:script=latn;language=DFLT;ma
pping=tex-text;" at 17.28pt
 -> E:/ç®^^80å^^8e^^86/awesome-latex-cv-zh-cn/fonts/SourceSansPro-Semibold.o
tf
Requested font "[fonts/zh_cn-adobe/AdobeSongStd-Light.otf]/ICU" at 17.28pt
 -> E:/ç®^^80å^^8e^^86/awesome-latex-cv-zh-cn/fonts/zh_cn-adobe/AdobeSongStd
-Light.otf
\g_fontspec_family_AdobeSongStd-Light.otf_int=\count299
Requested font "[fonts/zh_cn-adobe/AdobeHeitiStd-Regular.otf]/ICU" at 17.28pt
 -> E:/ç®^^80å^^8e^^86/awesome-latex-cv-zh-cn/fonts/zh_cn-adobe/AdobeHeitiSt
d-Regular.otf
Requested font "[fonts/zh_cn-adobe/AdobeKaitiStd-Regular.otf]/ICU" at 17.28pt
 -> E:/ç®^^80å^^8e^^86/awesome-latex-cv-zh-cn/fonts/zh_cn-adobe/AdobeKaitiSt
d-Regular.otf
.................................................
. fontspec info: "defining-font"
. 
. Font family 'AdobeSongStd-Light.otf(0)' created for font
. 'AdobeSongStd-Light.otf' with options [Path = fonts/zh_cn-adobe/,
. Mapping=tex-text, BoldFont=AdobeHeitiStd-Regular.otf,
. ItalicFont=AdobeKaitiStd-Regular.otf,
. SmallCapsFont=AdobeHeitiStd-Regular.otf ].
. 
. This font family consists of the following shapes:
. 
. * 'normal' with NFSS spec.:
. 
. <->"[fonts/zh_cn-adobe/AdobeSongStd-Light.otf]/ICU:script=latn;language=DFLT;
mapping=tex-text;"
. 
. * 'small caps' with NFSS spec.:
. 
. <->"[fonts/zh_cn-adobe/AdobeHeitiStd-Regular.otf]/ICU:script=latn;language=DF
LT;mapping=tex-text;"
. 
. * 'bold' with NFSS spec.:
. 
. <->"[fonts/zh_cn-adobe/AdobeHeitiStd-Regular.otf]/ICU:script=latn;language=DF
LT;mapping=tex-text;"
. 
. * 'bold small caps' with NFSS spec.:
. 
. <->"[fonts/zh_cn-adobe/AdobeHeitiStd-Regular.otf]/ICU:script=latn;language=DF
LT;mapping=tex-text;"
. 
. * 'italic' with NFSS spec.:
. 
. <->"[fonts/zh_cn-adobe/AdobeKaitiStd-Regular.otf]/ICU:script=latn;language=DF
LT;mapping=tex-text;"
. 
. * 'italic small caps' with NFSS spec.:
. 
. <->"[fonts/zh_cn-adobe/AdobeHeitiStd-Regular.otf]/ICU:script=latn;language=DF
LT;mapping=tex-text;"
.................................................
Requested font "[fonts/zh_cn-adobe/AdobeHeitiStd-Regular.otf]/ICU:script=latn;l
anguage=DFLT;mapping=tex-text;" at 17.28pt
 -> E:/ç®^^80å^^8e^^86/awesome-latex-cv-zh-cn/fonts/zh_cn-adobe/AdobeHeitiSt
d-Regular.otf
Requested font "[fonts/SourceSansPro-Light]/ICU:script=latn;language=DFLT;mappi
ng=tex-text;" at 9.0pt
 -> E:/ç®^^80å^^8e^^86/awesome-latex-cv-zh-cn/fonts/SourceSansPro-Light.otf
Requested font "[fonts/FontAwesome]/ICU:mapping=tex-text;" at 9.0pt
 -> E:/ç®^^80å^^8e^^86/awesome-latex-cv-zh-cn/fonts/FontAwesome.ttf
Requested font "[fonts/zh_cn-adobe/AdobeSongStd-Light.otf]/ICU" at 9.0pt
 -> E:/ç®^^80å^^8e^^86/awesome-latex-cv-zh-cn/fonts/zh_cn-adobe/AdobeSongStd
-Light.otf
.................................................
. fontspec info: "defining-font"
. 
. Font family 'AdobeSongStd-Light.otf(0)' created for font
. 'AdobeSongStd-Light.otf' with options [Path = fonts/zh_cn-adobe/,
. Mapping=tex-text, BoldFont=AdobeHeitiStd-Regular.otf,
. ItalicFont=AdobeKaitiStd-Regular.otf,
. SmallCapsFont=AdobeHeitiStd-Regular.otf ].
. 
. This font family consists of the following shapes:
.................................................
Requested font "[fonts/zh_cn-adobe/AdobeSongStd-Light.otf]/ICU:script=latn;lang
uage=DFLT;mapping=tex-text;" at 9.0pt
 -> E:/ç®^^80å^^8e^^86/awesome-latex-cv-zh-cn/fonts/zh_cn-adobe/AdobeSongStd
-Light.otf

Underfull \hbox (badness 10000) in paragraph at lines 41--41

 []

Requested font "[fonts/SourceSansPro-Light]/ICU:script=latn;language=DFLT;mappi
ng=tex-text;" at 7.0pt
 -> E:/ç®^^80å^^8e^^86/awesome-latex-cv-zh-cn/fonts/SourceSansPro-Light.otf
Requested font "[fonts/SourceSansPro-Light]/ICU:script=latn;language=DFLT;mappi
ng=tex-text;" at 5.0pt
 -> E:/ç®^^80å^^8e^^86/awesome-latex-cv-zh-cn/fonts/SourceSansPro-Light.otf
LaTeX Font Info:    External font `cmex10' loaded for size
(Font)              <7> on input line 41.
LaTeX Font Info:    External font `cmex10' loaded for size
(Font)              <5> on input line 41.
File: avatar.jpg Graphic file (type QTm)
<use  "avatar.jpg" >
Requested font "[fonts/SourceSansPro-Light]/ICU:script=latn;language=DFLT;mappi
ng=tex-text;" at 14.4pt
 -> E:/ç®^^80å^^8e^^86/awesome-latex-cv-zh-cn/fonts/SourceSansPro-Light.otf
Requested font "[fonts/SourceSansPro-Regular]/ICU:script=latn;language=DFLT;map
ping=tex-text;" at 14.4pt
 -> E:/ç®^^80å^^8e^^86/awesome-latex-cv-zh-cn/fonts/SourceSansPro-Regular.ot
f
Requested font "[fonts/zh_cn-adobe/AdobeSongStd-Light.otf]/ICU" at 14.4pt
 -> E:/ç®^^80å^^8e^^86/awesome-latex-cv-zh-cn/fonts/zh_cn-adobe/AdobeSongStd
-Light.otf
.................................................
. fontspec info: "defining-font"
. 
. Font family 'AdobeSongStd-Light.otf(0)' created for font
. 'AdobeSongStd-Light.otf' with options [Path = fonts/zh_cn-adobe/,
. Mapping=tex-text, BoldFont=AdobeHeitiStd-Regular.otf,
. ItalicFont=AdobeKaitiStd-Regular.otf,
. SmallCapsFont=AdobeHeitiStd-Regular.otf ].
. 
. This font family consists of the following shapes:
.................................................
Requested font "[fonts/zh_cn-adobe/AdobeHeitiStd-Regular.otf]/ICU:script=latn;l
anguage=DFLT;mapping=tex-text;" at 14.4pt
 -> E:/ç®^^80å^^8e^^86/awesome-latex-cv-zh-cn/fonts/zh_cn-adobe/AdobeHeitiSt
d-Regular.otf
 (E:\简历\awesome-latex-cv-zh-cn\section_education.tex
Requested font "[fonts/FontAwesome]/ICU:mapping=tex-text;" at 14.4pt
 -> E:/ç®^^80å^^8e^^86/awesome-latex-cv-zh-cn/fonts/FontAwesome.ttf
.................................................
. fontspec info: "defining-font"
. 
. Font family 'AdobeSongStd-Light.otf(0)' created for font
. 'AdobeSongStd-Light.otf' with options [Path = fonts/zh_cn-adobe/,
. Mapping=tex-text, BoldFont=AdobeHeitiStd-Regular.otf,
. ItalicFont=AdobeKaitiStd-Regular.otf,
. SmallCapsFont=AdobeHeitiStd-Regular.otf ].
. 
. This font family consists of the following shapes:
.................................................
Requested font "[fonts/zh_cn-adobe/AdobeSongStd-Light.otf]/ICU:script=latn;lang
uage=DFLT;mapping=tex-text;" at 14.4pt
 -> E:/ç®^^80å^^8e^^86/awesome-latex-cv-zh-cn/fonts/zh_cn-adobe/AdobeSongStd
-Light.otf

(D:\Programfiles\Ctex\MiKTeX\tex\generic\oberdiek\se-ascii-print.def
File: se-ascii-print.def 2010/03/01 v1.8 stringenc: Printable ASCII characters
)
Requested font "[fonts/SourceSansPro-Regular]/ICU:script=latn;language=DFLT;map
ping=tex-text;" at 10.0pt
 -> E:/ç®^^80å^^8e^^86/awesome-latex-cv-zh-cn/fonts/SourceSansPro-Regular.ot
f
Requested font "[fonts/zh_cn-adobe/AdobeSongStd-Light.otf]/ICU" at 10.0pt
 -> E:/ç®^^80å^^8e^^86/awesome-latex-cv-zh-cn/fonts/zh_cn-adobe/AdobeSongStd
-Light.otf
.................................................
. fontspec info: "defining-font"
. 
. Font family 'AdobeSongStd-Light.otf(0)' created for font
. 'AdobeSongStd-Light.otf' with options [Path = fonts/zh_cn-adobe/,
. Mapping=tex-text, BoldFont=AdobeHeitiStd-Regular.otf,
. ItalicFont=AdobeKaitiStd-Regular.otf,
. SmallCapsFont=AdobeHeitiStd-Regular.otf ].
. 
. This font family consists of the following shapes:
.................................................
Requested font "[fonts/zh_cn-adobe/AdobeHeitiStd-Regular.otf]/ICU:script=latn;l
anguage=DFLT;mapping=tex-text;" at 10.0pt
 -> E:/ç®^^80å^^8e^^86/awesome-latex-cv-zh-cn/fonts/zh_cn-adobe/AdobeHeitiSt
d-Regular.otf
Requested font "[fonts/SourceSansPro-Semibold]/ICU:script=latn;language=DFLT;ma
pping=tex-text;" at 10.0pt
 -> E:/ç®^^80å^^8e^^86/awesome-latex-cv-zh-cn/fonts/SourceSansPro-Semibold.o
tf
.................................................
. fontspec info: "defining-font"
. 
. Font family 'AdobeSongStd-Light.otf(0)' created for font
. 'AdobeSongStd-Light.otf' with options [Path = fonts/zh_cn-adobe/,
. Mapping=tex-text, BoldFont=AdobeHeitiStd-Regular.otf,
. ItalicFont=AdobeKaitiStd-Regular.otf,
. SmallCapsFont=AdobeHeitiStd-Regular.otf ].
. 
. This font family consists of the following shapes:
.................................................
.................................................
. fontspec info: "defining-font"
. 
. Font family 'AdobeSongStd-Light.otf(0)' created for font
. 'AdobeSongStd-Light.otf' with options [Path = fonts/zh_cn-adobe/,
. Mapping=tex-text, BoldFont=AdobeHeitiStd-Regular.otf,
. ItalicFont=AdobeKaitiStd-Regular.otf,
. SmallCapsFont=AdobeHeitiStd-Regular.otf ].
. 
. This font family consists of the following shapes:
.................................................
Requested font "[fonts/zh_cn-adobe/AdobeSongStd-Light.otf]/ICU:script=latn;lang
uage=DFLT;mapping=tex-text;" at 10.0pt
 -> E:/ç®^^80å^^8e^^86/awesome-latex-cv-zh-cn/fonts/zh_cn-adobe/AdobeSongStd
-Light.otf
)
(E:\简历\awesome-latex-cv-zh-cn\section_skills.tex)
(E:\简历\awesome-latex-cv-zh-cn\section_experience_short.tex
Underfull \hbox (badness 10000) in paragraph at lines 32--32

 []

Requested font "[fonts/SourceSansPro-Light]/ICU:script=latn;language=DFLT;mappi
ng=tex-text;" at 8.0pt
 -> E:/ç®^^80å^^8e^^86/awesome-latex-cv-zh-cn/fonts/SourceSansPro-Light.otf
Requested font "[fonts/zh_cn-adobe/AdobeSongStd-Light.otf]/ICU" at 8.0pt
 -> E:/ç®^^80å^^8e^^86/awesome-latex-cv-zh-cn/fonts/zh_cn-adobe/AdobeSongStd
-Light.otf
.................................................
. fontspec info: "defining-font"
. 
. Font family 'AdobeSongStd-Light.otf(0)' created for font
. 'AdobeSongStd-Light.otf' with options [Path = fonts/zh_cn-adobe/,
. Mapping=tex-text, BoldFont=AdobeHeitiStd-Regular.otf,
. ItalicFont=AdobeKaitiStd-Regular.otf,
. SmallCapsFont=AdobeHeitiStd-Regular.otf ].
. 
. This font family consists of the following shapes:
.................................................
Requested font "[fonts/zh_cn-adobe/AdobeSongStd-Light.otf]/ICU:script=latn;lang
uage=DFLT;mapping=tex-text;" at 8.0pt
 -> E:/ç®^^80å^^8e^^86/awesome-latex-cv-zh-cn/fonts/zh_cn-adobe/AdobeSongStd
-Light.otf

Underfull \hbox (badness 10000) in paragraph at lines 51--51

 []


Overfull \hbox (4.48311pt too wide) in alignment at lines 13--56
 [] [] 
 []

) (E:\简历\awesome-latex-cv-zh-cn\section_awards.tex)
Package atveryend Info: Empty hook `BeforeClearDocument' on input line 59.

Underfull \hbox (badness 10000) in paragraph at lines 58--59

 []

[1

]
Package atveryend Info: Empty hook `AfterLastShipout' on input line 59.
 (E:\简历\awesome-latex-cv-zh-cn\awesome-cv-cn.aux)
Package atveryend Info: Empty hook `AtVeryEndDocument' on input line 59.
Package atveryend Info: Empty hook `AtEndAfterFileList' on input line 59.
 ) 
Here is how much of TeX's memory you used:
 31843 strings out of 430478
 610933 string characters out of 3191177
 666354 words of memory out of 3000000
 34546 multiletter control sequences out of 15000+200000
 3936 words of font info for 51 fonts, out of 3000000 for 9000
 15 hyphenation exceptions out of 8191
 63i,11n,75p,800b,875s stack positions out of 5000i,500n,10000p,200000b,50000s

Output written on awesome-cv-cn.pdf (1 page).
